#
# There is insufficient memory for the Java Runtime Environment to continue.
# Native memory allocation (malloc) failed to allocate 8192 bytes for AllocateHeap
# Possible reasons:
#   The system is out of physical RAM or swap space
#   In 32 bit mode, the process size limit was hit
# Possible solutions:
#   Reduce memory load on the system
#   Increase physical memory or swap space
#   Check if swap backing store is full
#   Use 64 bit Java on a 64 bit OS
#   Decrease Java heap size (-Xmx/-Xms)
#   Decrease number of Java threads
#   Decrease Java thread stack sizes (-Xss)
#   Set larger code cache with -XX:ReservedCodeCacheSize=
# This output file may be truncated or incomplete.
#
#  Out of Memory Error (memory/allocation.inline.hpp:61), pid=4024, tid=0x0000000000000d8c
#
# JRE version: Java(TM) SE Runtime Environment (8.0_131-b11) (build 1.8.0_131-b11)
# Java VM: Java HotSpot(TM) 64-Bit Server VM (25.131-b11 mixed mode windows-amd64 compressed oops)
# Failed to write core dump. Minidumps are not enabled by default on client versions of Windows
#

---------------  T H R E A D  ---------------

Current thread (0x000000000088d800):  JavaThread "main" [_thread_in_vm, id=3468, stack(0x00000000008a0000,0x00000000009a0000)]

Stack: [0x00000000008a0000,0x00000000009a0000]
[error occurred during error reporting (printing stack bounds), id 0xc0000005]

Native frames: (J=compiled Java code, j=interpreted, Vv=VM code, C=native code)

Java frames: (J=compiled Java code, j=interpreted, Vv=VM code)
j  java.nio.DirectByteBuffer.asLongBuffer()Ljava/nio/LongBuffer;+117
j  sun.misc.PerfCounter.<init>(Ljava/lang/String;I)V+30
j  sun.misc.PerfCounter.newPerfCounter(Ljava/lang/String;)Lsun/misc/PerfCounter;+6
j  sun.misc.PerfCounter$CoreCounters.<clinit>()V+2
v  ~StubRoutines::call_stub
j  sun.misc.PerfCounter.getZipFileOpenTime()Lsun/misc/PerfCounter;+0
j  java.util.zip.ZipFile.<init>(Ljava/io/File;ILjava/nio/charset/Charset;)V+154
j  java.util.zip.ZipFile.<init>(Ljava/io/File;I)V+6
j  java.util.jar.JarFile.<init>(Ljava/io/File;ZI)V+3
j  java.util.jar.JarFile.<init>(Ljava/lang/String;)V+11
j  sun.misc.URLClassPath$JarLoader.getJarFile(Ljava/net/URL;)Ljava/util/jar/JarFile;+44
j  sun.misc.URLClassPath$JarLoader.access$800(Lsun/misc/URLClassPath$JarLoader;Ljava/net/URL;)Ljava/util/jar/JarFile;+2
j  sun.misc.URLClassPath$JarLoader$1.run()Ljava/lang/Void;+55
j  sun.misc.URLClassPath$JarLoader$1.run()Ljava/lang/Object;+1
v  ~StubRoutines::call_stub
j  java.security.AccessController.doPrivileged(Ljava/security/PrivilegedExceptionAction;Ljava/security/AccessControlContext;)Ljava/lang/Object;+0
j  sun.misc.URLClassPath$JarLoader.ensureOpen()V+19
j  sun.misc.URLClassPath$JarLoader.<init>(Ljava/net/URL;Ljava/net/URLStreamHandler;Ljava/util/HashMap;Ljava/security/AccessControlContext;)V+143
j  sun.misc.URLClassPath$3.run()Lsun/misc/URLClassPath$Loader;+89
j  sun.misc.URLClassPath$3.run()Ljava/lang/Object;+1
v  ~StubRoutines::call_stub
j  java.security.AccessController.doPrivileged(Ljava/security/PrivilegedExceptionAction;Ljava/security/AccessControlContext;)Ljava/lang/Object;+0
j  sun.misc.URLClassPath.getLoader(Ljava/net/URL;)Lsun/misc/URLClassPath$Loader;+13
j  sun.misc.URLClassPath.getLoader(I)Lsun/misc/URLClassPath$Loader;+87
j  sun.misc.URLClassPath.getNextLoader([II)Lsun/misc/URLClassPath$Loader;+84
j  sun.misc.URLClassPath.getResource(Ljava/lang/String;Z)Lsun/misc/Resource;+51
j  java.net.URLClassLoader$1.run()Ljava/lang/Class;+26
j  java.net.URLClassLoader$1.run()Ljava/lang/Object;+1
v  ~StubRoutines::call_stub
j  java.security.AccessController.doPrivileged(Ljava/security/PrivilegedExceptionAction;Ljava/security/AccessControlContext;)Ljava/lang/Object;+0
j  java.net.URLClassLoader.findClass(Ljava/lang/String;)Ljava/lang/Class;+13
j  java.lang.ClassLoader.loadClass(Ljava/lang/String;Z)Ljava/lang/Class;+70
j  java.lang.ClassLoader.loadClass(Ljava/lang/String;Z)Ljava/lang/Class;+38
j  sun.misc.Launcher$AppClassLoader.loadClass(Ljava/lang/String;Z)Ljava/lang/Class;+81
j  java.lang.ClassLoader.loadClass(Ljava/lang/String;)Ljava/lang/Class;+3
j  sun.launcher.LauncherHelper.checkAndLoadMain(ZILjava/lang/String;)Ljava/lang/Class;+93
v  ~StubRoutines::call_stub

---------------  P R O C E S S  ---------------

Java Threads: ( => current thread )
  0x0000000018879800 JavaThread "Service Thread" daemon [_thread_blocked, id=1080, stack(0x0000000018c60000,0x0000000018d60000)]
  0x0000000016f3a000 JavaThread "C1 CompilerThread2" daemon [_thread_blocked, id=8392, stack(0x0000000018760000,0x0000000018860000)]
  0x0000000016f17000 JavaThread "C2 CompilerThread1" daemon [_thread_blocked, id=2480, stack(0x0000000018660000,0x0000000018760000)]
  0x0000000016f0d800 JavaThread "C2 CompilerThread0" daemon [_thread_blocked, id=192, stack(0x0000000018560000,0x0000000018660000)]
  0x0000000016f0b800 JavaThread "Attach Listener" daemon [_thread_blocked, id=7948, stack(0x0000000018460000,0x0000000018560000)]
  0x0000000016f0a800 JavaThread "Signal Dispatcher" daemon [_thread_blocked, id=11408, stack(0x0000000018360000,0x0000000018460000)]
  0x0000000000c6a800 JavaThread "Finalizer" daemon [_thread_blocked, id=6444, stack(0x0000000018180000,0x0000000018280000)]
  0x0000000000c60000 JavaThread "Reference Handler" daemon [_thread_blocked, id=12160, stack(0x0000000018080000,0x0000000018180000)]
=>0x000000000088d800 JavaThread "main" [_thread_in_vm, id=3468, stack(0x00000000008a0000,0x00000000009a0000)]

Other Threads:
  0x0000000016ed7800 VMThread [stack: 0x0000000017f80000,0x0000000018080000] [id=6780]
  0x000000001888f000 WatcherThread [stack: 0x0000000018d60000,0x0000000018e60000] [id=3920]

VM state:not at safepoint (normal execution)

VM Mutex/Monitor currently owned by a thread:  ([mutex/lock_event])
[0x000000000088d120] SymbolTable_lock - owner thread: 0x000000000088d800

Heap:
 PSYoungGen      total 38400K, used 1331K [0x00000000d5c00000, 0x00000000d8680000, 0x0000000100000000)
  eden space 33280K, 4% used [0x00000000d5c00000,0x00000000d5d4cce8,0x00000000d7c80000)
  from space 5120K, 0% used [0x00000000d8180000,0x00000000d8180000,0x00000000d8680000)
  to   space 5120K, 0% used [0x00000000d7c80000,0x00000000d7c80000,0x00000000d8180000)
 ParOldGen       total 87552K, used 0K [0x0000000081400000, 0x0000000086980000, 0x00000000d5c00000)
  object space 87552K, 0% used [0x0000000081400000,0x0000000081400000,0x0000000086980000)
 Metaspace       used 2466K, capacity 4480K, committed 4480K, reserved 1056768K
  class space    used 278K, capacity 384K, committed 384K, reserved 1048576K

Card table byte_map: [0x0000000011760000,0x0000000011b60000] byte_map_base: 0x0000000011356000

Marking Bits: (ParMarkBitMap*) 0x000000005fdcc720
 Begin Bits: [0x0000000012210000, 0x00000000141c0000)
 End Bits:   [0x00000000141c0000, 0x0000000016170000)

Polling page: 0x00000000007c0000

CodeCache: size=245760Kb used=1108Kb max_used=1114Kb free=244651Kb
 bounds [0x00000000023a0000, 0x0000000002610000, 0x00000000113a0000]
 total_blobs=257 nmethods=26 adapters=145
 compilation: enabled

Compilation events (10 events):
Event: 0.107 Thread 0x0000000016f3a000   23       3       java.io.WinNTFileSystem::isSlash (18 bytes)
Event: 0.107 Thread 0x0000000016f3a000 nmethod 23 0x00000000024b2190 code [0x00000000024b22e0, 0x00000000024b24d0]
Event: 0.107 Thread 0x0000000016f3a000   24  s    3       java.lang.StringBuffer::append (13 bytes)
Event: 0.108 Thread 0x0000000016f17000   25       4       java.lang.String::charAt (29 bytes)
Event: 0.108 Thread 0x0000000016f3a000 nmethod 24 0x00000000024b2550 code [0x00000000024b2700, 0x00000000024b2e18]
Event: 0.108 Thread 0x0000000016f3a000   22       3       java.lang.String::getChars (62 bytes)
Event: 0.108 Thread 0x0000000016f3a000 nmethod 22 0x00000000024b31d0 code [0x00000000024b3380, 0x00000000024b37b8]
Event: 0.108 Thread 0x0000000016f17000 nmethod 25 0x00000000024b6690 code [0x00000000024b67e0, 0x00000000024b6898]
Event: 0.109 Thread 0x0000000016f3a000   26       3       java.lang.AbstractStringBuilder::append (50 bytes)
Event: 0.109 Thread 0x0000000016f3a000 nmethod 26 0x00000000024b5a50 code [0x00000000024b5c20, 0x00000000024b6378]

GC Heap History (0 events):
No events

Deoptimization events (0 events):
No events

Internal exceptions (2 events):
Event: 0.046 Thread 0x000000000088d800 Exception <a 'java/lang/NoSuchMethodError': Method sun.misc.Unsafe.defineClass(Ljava/lang/String;[BII)Ljava/lang/Class; name or signature does not match> (0x00000000d5c07ca8) thrown at [C:\re\workspace\8-2-build-windows-amd64-cygwin\jdk8u131\8869\hotspot\
Event: 0.046 Thread 0x000000000088d800 Exception <a 'java/lang/NoSuchMethodError': Method sun.misc.Unsafe.prefetchRead(Ljava/lang/Object;J)V name or signature does not match> (0x00000000d5c07f90) thrown at [C:\re\workspace\8-2-build-windows-amd64-cygwin\jdk8u131\8869\hotspot\src\share\vm\prims

Events (10 events):
Event: 0.110 loading class sun/misc/Perf done
Event: 0.110 loading class sun/misc/PerfCounter$CoreCounters
Event: 0.110 loading class sun/misc/PerfCounter$CoreCounters done
Event: 0.110 loading class sun/nio/ch/DirectBuffer
Event: 0.110 loading class sun/nio/ch/DirectBuffer done
Event: 0.110 loading class java/nio/DirectByteBuffer
Event: 0.111 loading class java/nio/MappedByteBuffer
Event: 0.111 loading class java/nio/MappedByteBuffer done
Event: 0.111 loading class java/nio/DirectByteBuffer done
Event: 0.111 loading class java/nio/DirectLongBufferU


Dynamic libraries:
0x00007ff7d6710000 - 0x00007ff7d6747000 	C:\Program Files\Java\jre1.8.0_131\bin\javaw.exe
0x00007ffff08c0000 - 0x00007ffff0a82000 	C:\Windows\SYSTEM32\ntdll.dll
0x00007fffef630000 - 0x00007fffef6dd000 	C:\Windows\system32\KERNEL32.DLL
0x00007fffeddb0000 - 0x00007fffedf8d000 	C:\Windows\system32\KERNELBASE.dll
0x00000000616d0000 - 0x000000006175d000 	C:\Windows\System32\SYSFER.DLL
0x00007ffff02f0000 - 0x00007ffff0396000 	C:\Windows\system32\ADVAPI32.dll
0x00007ffff03a0000 - 0x00007ffff043d000 	C:\Windows\system32\msvcrt.dll
0x00007fffef7c0000 - 0x00007fffef81b000 	C:\Windows\system32\sechost.dll
0x00007ffff0440000 - 0x00007ffff0566000 	C:\Windows\system32\RPCRT4.dll
0x00007fffefa00000 - 0x00007fffefb4e000 	C:\Windows\system32\USER32.dll
0x00007ffff06c0000 - 0x00007ffff0845000 	C:\Windows\system32\GDI32.dll
0x00007fffe41d0000 - 0x00007fffe4444000 	C:\Windows\WinSxS\amd64_microsoft.windows.common-controls_6595b64144ccf1df_6.0.10240.16384_none_f41f7b285750ef43\COMCTL32.dll
0x00007ffff0110000 - 0x00007ffff0146000 	C:\Windows\system32\IMM32.DLL
0x00007fffefd30000 - 0x00007fffefe8c000 	C:\Windows\system32\MSCTF.dll
0x000000005ef40000 - 0x000000005f012000 	C:\Program Files\Java\jre1.8.0_131\bin\msvcr100.dll
0x000000005f5b0000 - 0x000000005fe4c000 	C:\Program Files\Java\jre1.8.0_131\bin\server\jvm.dll
0x00007fffef840000 - 0x00007fffef848000 	C:\Windows\system32\PSAPI.DLL
0x00007fffe14e0000 - 0x00007fffe14e9000 	C:\Windows\SYSTEM32\WSOCK32.dll
0x00007ffff0280000 - 0x00007ffff02e9000 	C:\Windows\system32\WS2_32.dll
0x00007fffefd20000 - 0x00007fffefd28000 	C:\Windows\system32\NSI.dll
0x00007fffe4d50000 - 0x00007fffe4d73000 	C:\Windows\SYSTEM32\WINMM.dll
0x00007fffe3900000 - 0x00007fffe390a000 	C:\Windows\SYSTEM32\VERSION.dll
0x00007fffe4d20000 - 0x00007fffe4d4c000 	C:\Windows\SYSTEM32\WINMMBASE.dll
0x00007fffedd60000 - 0x00007fffedda4000 	C:\Windows\system32\cfgmgr32.dll
0x00007fffebbc0000 - 0x00007fffebbe7000 	C:\Windows\SYSTEM32\DEVOBJ.dll
0x00000000601d0000 - 0x00000000601df000 	C:\Program Files\Java\jre1.8.0_131\bin\verify.dll
0x00000000601a0000 - 0x00000000601c9000 	C:\Program Files\Java\jre1.8.0_131\bin\java.dll
0x0000000060180000 - 0x0000000060196000 	C:\Program Files\Java\jre1.8.0_131\bin\zip.dll
0x00007fffee100000 - 0x00007fffef625000 	C:\Windows\system32\SHELL32.dll
0x00007fffed560000 - 0x00007fffedb88000 	C:\Windows\system32\windows.storage.dll
0x00007fffefe90000 - 0x00007ffff010c000 	C:\Windows\system32\combase.dll
0x00007fffedf90000 - 0x00007fffedfe1000 	C:\Windows\system32\shlwapi.dll
0x00007fffed380000 - 0x00007fffed38f000 	C:\Windows\system32\kernel.appcore.dll
0x00007fffedca0000 - 0x00007fffedd53000 	C:\Windows\system32\shcore.dll
0x00007fffed330000 - 0x00007fffed37a000 	C:\Windows\system32\powrprof.dll
0x00007fffed2f0000 - 0x00007fffed303000 	C:\Windows\system32\profapi.dll

VM Arguments:
jvm_args: -Dfile.encoding=Cp1252 
java_command: Programs.innovaccerStringProgram
java_class_path (initial): C:\ILFS\NRDA\workspace\NRDA_FRAMEWORK\DemoProgram1\bin
Launcher Type: SUN_STANDARD

Environment Variables:
JAVA_HOME=C:\Program Files\Java\jdk1.8.0_131
USERNAME=deepak.saini
OS=Windows_NT
PROCESSOR_IDENTIFIER=Intel64 Family 6 Model 142 Stepping 9, GenuineIntel



---------------  S Y S T E M  ---------------

OS: Windows 10.0 , 64 bit Build 10240 (10.0.10240.16384)

CPU:total 4 (initial active 4) (2 cores per cpu, 2 threads per core) family 6 model 142 stepping 9, cmov, cx8, fxsr, mmx, sse, sse2, sse3, ssse3, sse4.1, sse4.2, popcnt, avx, avx2, aes, clmul, erms, 3dnowpref, lzcnt, ht, tsc, tscinvbit, bmi1, bmi2, adx

Memory: 4k page, physical 8303848k(1638840k free), swap 28327908k(5040k free)

vm_info: Java HotSpot(TM) 64-Bit Server VM (25.131-b11) for windows-amd64 JRE (1.8.0_131-b11), built on Mar 15 2017 01:23:53 by "java_re" with MS VC++ 10.0 (VS2010)

time: Fri Feb 07 16:32:57 2020
elapsed time: 0 seconds (0d 0h 0m 0s)

